[   000000] Initializing cgrup subsys cpuset
[    0.00000] Iniializngcgroup ubsys cpu
[    0.000000] Initializing cgroup subsys cpuacct
[    0.000000] Linux version 4.4.0-112-generic (buildd@lgw01-amd64-017) (gcc version 5.4.0 20160609 (Ubuntu 5.4.0-6ubuntu1~16.04.5) ) #135-Ubuntu SMP Fri Jan 19 11:48:14 UTC 2018 (Ubuntu 4.4.0-112.135-generic 4.4.98)
[    0.000000] KERNEL supported cpus:
[    0.000000]   Intel GenuineIntel
[    0.000000]   AMD AuthenticAMD
[    0.000000]   NSC Geode by NSC
[    0.000000]   Cyrix CyrixInstead
[    0.000000]   Centaur CentaurHauls
[    0.000000]   Transmeta GenuineTMx86
[    0.000000]   Transmeta TransmetaCPU
[    0.000000]   UMC UMC UMC UMC
[    0.000000] x86/fpu: Legacy x87 FPU detected.
[    0.000000] x86/fpu: Using 'lazy' FPU context switches.
[    0.000000] e820: BIOS-provided physical RAM map:
[    0.000000] BIOS-e820: [mem 0x0000000000000000-0x000000000009fbff] usable
[    0.000000] BIOS-e820: [mem 0x000000000009fc00-0x000000000009ffff] reserved
[    0.000000] BIOS-e820: [mem 0x00000000000f0000-0x00000000000fffff] reserved
[    0.000000] BIOS-e820: [mem 0x0000000000100000-0x000000003ffeffff] usable
[    0.000000] BIOS-e820: [mem 0x000000003fff0000-0x000000003fffffff] ACPI data
[    0.000000] BIOS-e820: [mem 0x00000000fffc0000-0x00000000ffffffff] reserved
[    0.000000] NX (Execute Disable) protection: active
[    0.000000] SMBIOS 2.5 present.
[    0.000000] Hypervisor detected: KVM
[    0.000000] e820: last_pfn = 0x3fff0 max_arch_pfn = 0x1000000
[    0.000000] MTRR: Disabled
[    0.000000] x86/PAT: MTRRs disabled, skipping PAT initialization too.
[    0.000000] CPU MTRRs all blank - virtualized system.
[    0.000000] x86/PAT: Configuration [0-7]: WB  WT  UC- UC  WB  WT  UC- UC  
[    0.000000] found SMP MP-table at [mem 0x0009fff0-0x0009ffff] mapped at [c009fff0]
[    0.000000] Scanning 1 areas for low memory corruption
[    0.000000] RAMDISK: [mem 0x3635a000-0x371a4fff]
[    0.000000] ACPI: Early table checksum verification disabled
[    0.000000] ACPI: RSDP 0x00000000000E0000 000024 (v02 VBOX  )
[    0.000000] ACPI: XSDT 0x000000003FFF0030 00003C (v01 VBOX   VBOXXSDT 00000001 ASL  00000061)
[    0.000000] ACPI: FACP 0x000000003FFF00F0 0000F4 (v04 VBOX   VBOXFACP 00000001 ASL  00000061)
[    0.000000] ACPI: DSDT 0x000000003FFF0470 001CEB (v01 VBOX   VBOXBIOS 00000002 INTL 20100528)
[    0.000000] ACPI: FACS 0x000000003FFF0200 000040
[    0.000000] ACPI: FACS 0x000000003FFF0200 000040
[    0.000000] ACPI: APIC 0x000000003FFF0240 00005C (v02 VBOX   VBOXAPIC 00000001 ASL  00000061)
[    0.000000] ACPI: SSDT 0x000000003FFF02A0 0001CC (v01 VBOX   VBOXCPUT 00000002 INTL 20100528)
[    0.000000] 131MB HIGHMEM available.
[    0.000000] 891MB LOWMEM available.
[    0.000000]   mapped low ram: 0 - 37bfe000
[    0.000000]   low ram: 0 - 37bfe000
[    0.000000] kvm-clock: Using msrs 4b564d01 and 4b564d00
[    0.000000] kvm-clock: cpu 0, msr 0:37bfd001, primary cpu clock
[    0.000000] kvm-clock: using sched offset of 4557595168 cycles
[    0.000000] clocksource: kvm-clock: mask: 0xffffffffffffffff max_cycles: 0x1cd42e4dffb, max_idle_ns: 881590591483 ns
[    0.000000] Zone ranges:
[    0.000000]   DMA      [mem 0x0000000000001000-0x0000000000ffffff]
[    0.000000]   Normal   [mem 0x0000000001000000-0x0000000037bfdfff]
[    0.000000]  HighMem  [mem 0x0000000037bfe000-0x000000003ffeffff]
[    0.000000] Movable zone start for each node
[    0.000000] Early memory node ranges
[    0.000000]   node   0: [mem 0x0000000000001000-0x000000000009efff]
[    0.000000]   node   0: [mem 0x0000000000100000-0x000000003ffeffff]
[    0.000000] Initmem setup node 0 [mem 0x0000000000001000-0x000000003ffeffff]
[    0.000000] Using APIC driver default
[    0.000000] ACPI: PM-Timer IO Port: 0x4008
[    0.000000] IOAPIC[0]: apic_id 2, version 17, address 0xfec00000, GSI  0-23
[    0.000000] ACPI: INT_SRC_OVR (bus 0 bus_irq 0 global_irq 2 dfl dfl)
[    0.000000] ACPI: INT_SRC_OVR (bus 0 bus_irq 9 global_irq 9 high level)
[    0.000000] Using ACPI (MADT) for SMP configuration information
[    0.000000] smpboot: Allowing 2 CPUs, 0 hotplug CPUs
[    0.000000] PM: Registered nosave memory: [mem 0x00000000-0x00000fff]
[    0.000000] PM: Registered nosave memory: [mem 0x0009f000-0x0009ffff]
[    0.000000] PM: Registered nosave memory: [mem 0x000a0000-0x000effff]
[    0.000000] PM: Registered nosave memory: [mem 0x000f0000-0x000fffff]
[    0.000000] e820: [mem 0x40000000-0xfffbffff] available for PCI devices
[    0.000000] Booting paravirtualized kernel on KVM
[    0.000000] clocksource: refined-jiffies: mask: 0xffffffff max_cycles: 0xffffffff, max_idle_ns: 7645519600211568 ns
[    0.000000] setup_percpu: NR_CPUS:8 nr_cpumask_bits:8 nr_cpu_ids:2 nr_node_ids:1
[    0.000000] PERCPU: Embedded 19 pages/cpu @f71b0000 s47436 r0 d30388 u77824
[    0.000000] PV qspinlock hash table entries: 512 (order: 0, 4096 bytes)
[    0.000000] Built 1 zonelists in Zone order, mobility grouping on.  Total pages: 259800
[    0.000000] Kernel command line: BOOT_IMAGE=/boot/vmlinuz-4.4.0-112-generic root=UUID=ce13037b-8c46-45e6-b59a-8990ae7ebc63 ro console=tty1 console=ttyS0
[    0.000000] PID hash table entries: 4096 (order: 2, 16384 bytes)
[    0.000000] Dentry cache hash table entries: 131072 (order: 7, 524288 bytes)
[    0.000000] Inode-cache hash table entries: 65536 (order: 6, 262144 bytes)
[    0.000000] Initializing CPU#0
[    0.000000] Initializing HighMem for node 0 (00037bfe:0003fff0)
[    0.000000] Initializing Movable for node 0 (00000000:00000000)
[    0.000000] Memory: 1008268K/1048120K available (7973K kernel code, 781K rwdata, 3168K rodata, 944K init, 800K bss, 39852K reserved, 0K cma-reserved, 135112K highmem)
[    0.000000] virtual kernel memory layout:
[    0.000000]     fixmap  : 0xfff15000 - 0xfffff000   ( 936 kB)
[    0.000000]     pkmap   : 0xffc00000 - 0xffe00000   (2048 kB)
[    0.000000]     vmalloc : 0xf83fe000 - 0xffbfe000   ( 120 MB)
[    0.000000]     lowmem  : 0xc0000000 - 0xf7bfe000   ( 891 MB)
[    0.000000]       .init : 0xc1ba8000 - 0xc1c94000   ( 944 kB)
[    0.000000]       .data : 0xc17c97ad - 0xc1ba6780   (3955 kB)
[    0.000000]       .text : 0xc1000000 - 0xc17c97ad   (7973 kB)
[    0.000000] Checking if this processor honours the WP bit even in supervisor mode...Ok.
[    0.000000] SLUB: HWalign=64, Order=0-3, MinObjects=0, CPUs=2, Noes=1
[    0.000000] Hierarchical RCU implementation.
[    0.000000] 	Build-time adjustment of leaf fanout to 32.
[    0.000000] 	RCU restricting CPUs from NR_CPUS=8 to nr_cpu_ids=2.
[    0.000000] RCU: Adjusting geometry for rcu_fanout_leaf=32, nr_cpu_ids=2
[    0.000000] NR_IRQS:2304 nnr_irq:440 16
[    0.000000] Console: colour VGA+ 80x25
[    0.000000] console [ty1] enabled
[   0.000000] onsol [tty0] enaled
    0.000000 alocated 108576 ytes ofpage_xt
[   0.000000] tsc: Detected 2364.860 MHz processor
[    2.169958] Calibrating delay loop (skipped) preset value.. 4729.72 BogoMIPS (lpj=9459440)
[    2.282391] pid_max: default: 32768 minimum: 301
[    2.347354] ACPI: Core revision 20150930
[    2.441426] ACPI: 2 ACPI AML tables successfully acquired and loaded
[    2.595707] Security Framework initialized
[    2.626080] Yama: becoming mindful.
[    2.628933] AppArmor: AppArmor initialized
[    2.632306] Mount-cache hash table entries: 2048 (order: 1, 8192 bytes)
[    2.636927] Mountpoint-cache hash table entries: 2048 (order: 1, 8192 bytes)
[    2.642409] Initializing cgroup subsys io
[    2.645691] Initializing cgroup subsys memory
[    2.648876] Initializing cgroup subsys devices
[    2.652293] Initializing cgroup subsys freezer
[    2.655654] Initializing cgroup subsys net_cls
[    2.658908] Initializing cgroup subsys perf_event
[    2.662540] Initializing cgroup subsys net_prio
[    2.666049] Initializing cgroup subsys hugetlb
[    2.669621] Initializing cgroup subsys pids
[    2.679976] CPU: Physical Processor ID: 0
[    2.716195] CPU: Processor Core ID: 0
[    2.727229] FEATURE SPEC_CTRL Not Present
[    2.743805] mce: CPU supports 0 MCE banks
[    2.747354] Last level iTLB entries: 4KB 128, 2MB 4, 4MB 4
[    2.772415] Last level dTLB entries: 4KB 256, 2MB 0, 4MB 32, 1GB 0
[    2.789127] Freeing SMP alternatives memory: 28K
[    2.815311] ftrace: allocating 31450 entries in 62 pages
[    2.925573] smpboot: APIC(0) Converting physical 0 to logical package 0
[    2.935344] smpboot: Max logical packages: 1
[    2.984605] Enabling APIC mode:  Flat.  Using 1 I/O APICs
[    3.029019] ..TIMER: vector=0x30 apic1=0 pin1=2 apic2=-1 pin2=-1
[    3.166664] APIC calibration not consistent with PM-Timer: 112ms instead of 100ms
[    3.258902] APIC delta adjusted to PM-Timer: 647131 (7249215)
[    3.405706] smpboot: CPU0: Intel(R) Core(TM)2 Duo CPU     P8600  @ 2.40GHz (family: 0x6, model: 0x17, stepping: 0xa)
[    3.526974] Performance Events: unsupported p6 CPU model 23 no PMU driver, software events only.
[    3.552339] KVM setup paravirtual spinlock
[    3.557595] x86: Booting SMP configuration:
[    3.560730] .... node  #0, CPUs:      #1
[1266874885.151956] Initializing CPU#1
[    3.576323] kvm-clock: cpu 1, msr 0:37bfd041, secondary cpu clock
[    3.579734] mce: CPU supports 0 MCE banks
[    3.583886] x86: Booted up 1 node, 2 CPUs
[    3.620494] smpboot: Total of 2 processors activated (9459.44 BogoMIPS)
[    3.677273] devtmpfs: initialized
[    3.701492] evm: security.selinux
[    3.730212] evm: security.SMACK64
[    3.761665] evm: security.SMACK64EXEC
[    3.798977] evm: security.SMACK64TRANSMUTE
[    3.827849] evm: security.SMACK64MMAP
[    3.869379] evm: security.ima
[    3.904718] evm: security.capability
[    3.949331] clocksource: jiffies: mask: 0xffffffff max_cycles: 0xffffffff, max_idle_ns: 7645041785100000 ns
[    4.025394] futex hash table entries: 512 (order: 3, 32768 bytes)
[    4.097225] pinctrl core: initialized pinctrl subsystem
[    4.106794] RTC time:  9:50:59, date: 02/03/18
[    4.112529] NET: Registered protocol family 16
[    4.116697] EISA bus registered
[    4.135137] cpuidle: using governor ladder
[    4.174618] cpuidle: using governor menu
[    4.217259] PCCT header not found.
[    4.220249] ACPI: bus type PCI registered
[    4.223284] acpiphp: ACPI Hot Plug PCI Controller Driver version: 0.5
[    4.240732] PCI : PCI BIOS area is rw and x. Use pci=nobios if you want it NX.
[    4.250982] PCI: PCI BIOS revision 2.10 entry at 0xfda26, last bus=0
[    4.255414] PCI: Using configuration type 1 for base access
[    4.270569] ACPI: Added _OSI(Module Device)
[    4.273706] ACPI: Added _OSI(Processor Device)
[    4.362059] ACPI: Added _OSI(3.0 _SCP Extensions)
[    4.365561] ACPI: Added _OSI(Processor Aggregator Device)
[    4.370979] ACPI: Executed 1 blocks of module-level executable AML code
[    4.380222] ACPI: Interpreter enabled
[    4.383305] ACPI: (supports S0 S5)
[    4.386075] ACPI: Using IOAPIC for interrupt routing
[    4.389995] PCI: Using host bridge windows from ACPI; if necessary, use "pci=nocrs" and report a bug
[    4.401631] ACPI: PCI Root Bridge [PCI0] (domain 0000 [bus 00-ff])
[    4.406026] acpi PNP0A03:00: _OSC: OS supports [ASPM ClockPM Segments MSI]
[    4.410945] acpi PNP0A03:00: _OSC failed (AE_NOT_FOUND); disabling ASPM
[    4.415625] acpi PNP0A03:00: fail to add MMCONFIG information, can't access extended PCI configuration space under this bridge.
[    4.424341] PCI host bridge to bus 0000:00
[    4.456533] pci_bus 0000:00: root bus resource [io  0x0000-0x0cf7 window]
[    4.461382] pci_bus 0000:00: root bus resource [io  0x0d00-0xffff window]
[    4.466188] pci_bus 0000:00: root bus resource [mem 0x000a0000-0x000bffff window]
[    4.471867] pci_bus 0000:00: root bus resource [mem 0x40000000-0xffdfffff window]
[    4.477606] pci_bus 0000:00: root bus resource [bus 00-ff]
[    4.487447] pci 0000:00:01.1: legacy IDE quirk: reg 0x10: [io  0x01f0-0x01f7]
[    4.492434] pci 0000:00:01.1: legacy IDE quirk: reg 0x14: [io  0x03f6]
[    4.496947] pci 0000:00:01.1: legacy IDE quirk: reg 0x18: [io  0x0170-0x0177]
[    4.501865] pci 0000:00:01.1: legacy IDE quirk: reg 0x1c: [io  0x0376]
[    4.644692] ACPI: PCI Interrupt Link [LNKA] (IRQs 5 9 10 11) *0, disabled.
[    4.651979] ACPI: PCI Interrupt Link [LNKB] (IRQs 5 9 10 *11)
[    4.665437] ACPI: PCI Interrupt Link [LNKC] (IRQs 5 9 *10 11)
[    4.700873] ACPI: PCI Interrupt Link [LNKD] (IRQs 5 *9 10 11)
[    4.740219] ACPI: Enabled 2 GPEs in block 00 to 07
[    4.776113] vgaarb: setting as boot device: PCI:0000:00:02.0
[    4.824223] vgaarb: device added: PCI:0000:00:02.0,decodes=io+mem,owns=io+mem,locks=none
[    4.879796] vgaarb: loaded
[    4.899092] vgaarb: bridge control possible 0000:00:02.0
[    4.941825] SCSI subsystem initialized
[    4.967999] ACPI: bus type USB registered
[    4.995291] usbcore: registered new interface driver usbfs
[    5.031338] usbcore: registered new interface driver hub
[    5.074013] usbcore: registered new device driver usb
[    5.123867] PCI: Using ACPI for IRQ routing
[    5.158751] NetLabel: Initializing
[    5.188043] NetLabel:  domain hash size = 128
[    5.220053] NetLabel:  protocols = UNLABELED CIPSOv4
[    5.259729] NetLabel:  unlabeled traffic allowed by default
[    5.308456] amd_nb: Cannot enumerate AMD northbridges
[    5.349353] clocksource: Switched to clocksource kvm-clock
[    .44051]ApArr:ppmoFisyemnable
   6.374344] pn: nPCP it  6.66] p:nP CP: found 3 evices
[    7.582143] PnPBIOS: Disabled by ACPI PNP

[    7.640536] clocksource: acpi_pm: mask: 0xffffff max_cycles: 0xffffff, max_idle_ns: 2085701024 ns
[    7.647029] NET: Registered protocol family 2
[    7.650988] TCP established hash table entries: 8192 (order: 3, 32768 bytes)
[    7.656201] TCP bind hash table entries: 8192 (order: 4, 65536 bytes)
[    7.660833] TCP: Hash tables configured (established 8192 bind 8192)
[    7.665248] UDP hash table entries: 512 (order: 2, 16384 bytes)
[    7.669307] UDP-Lite hash table entries: 512 (order: 2, 16384 bytes)
[    7.674667] NET: Registered protocol family 1
[    7.677901] pci 0000:00:00.0: Limiting direct PCI/PCI transfers
[    7.682061] pci 0000:00:01.0: Activating ISA DMA hang workarounds
[    7.686641] Unpacking initramfs...
[  81345Freing itd mo: 4636K
[    8.913741] platform rtc_cmos: registered platform RTC device (no PNP device found)
[    8.999444] Scanning for low memory corruption every 60 seconds
[    9.003] di: niiaizing netlink subsys (disabled)
[    9.555441] audit: type=2000 audit(1517651466.659:1): initialized
[    9.603043] Initialise system trusted keyring
[    9.606913] HugeTLB registered 2 MB page sze, pre-allocated 0 pages

[    9.665035] zbud: loaded
[    9.667774] VFS: Disk quotas dquot_6.6.0
[    9.68062 VS:qu-cheha tlenties 1024 (ode0,09bytes)
[   10.911628] clocksource: tsc: mask: 0xffffffffffffffff max_cycles: 0x22168c2fc54, max_idle_ns: 440795302756 ns

[   10.919797] squashfs: version 4.0 (2009/01/31) Phillip Lougher
[   10.924815] fuse init (API version 7.23)
[   10.928354] Key type big_key registered
[   10.931274] Allocating IMA MOK and blacklist keyrings.
[   10.938567] Key type asymmetric registered
[   10.941627] Asymmetric key parser 'x509' registered
[   10.945430] bounce: pool size: 64 pages
[   10.948662] Block layer SCSI generic (bsg) driver version 0.4 loaded (major 249)
[   10.954600] io scheduler noop registered
[   10.957795] io scheduler deadline registered (default)
[   10.961926] io scheduler cfq registered
[   10.965129] pci_hotplug: PCI Hot Plug PCI Core version: 0.5
[   10.969467] pciehp: PCI Express Hot Plug Controller Driver version: 0.4
[   10.974311] ACPI: AC Adapter [AC] (on-line)
[   10.977536] input: Power Button as /devices/LNXSYSTM:00/LNXPWRBN:00/input/input0
[   10.983470] ACPI: Power Button [PWRF]
[   10.986978] input: Sleep Button as /devices/LNXSYSTM:00/LNXSLPBN:00/input/input1
[   10.992674] ACPI: Sleep Button [SLPF]
[   10.998971] GHES: HEST is not enabled!
[   11.000364] ACPI: Battery Slot [BAT0] (battery present)
[   11.007661] isapnp: Scanning for PnP cards...
[   11.032554] Serial: 8250/16550 driver, 32 ports, IRQ sharing enabled
[   11.061528] 00:02: ttyS0 at I/O 0x3f8 (irq = 4, base_baud = 115200) is a 16550A
[   11.207996] Linux agpgart interface v0.103
[   11.244346] loop: module loaded
[   11.288746] scsi host0: ata_piix
[   11.291498] scsi host1: ata_piix
[   11.294153] ata1: PATA max UDMA/33 cmd 0x1f0 ctl 0x3f6 bmdma 0xd000 irq 14
[   11.298924] ata2: PATA max UDMA/33 cmd 0x170 ctl 0x376 bmdma 0xd008 irq 15
[   11.304214] libphy: Fixed MDIO Bus: probed
[   11.307407] tun: Universal TUN/TAP device driver, 1.6
[   11.310968] tun: (C) 1999-2004 Max Krasnyansky <maxk@qualcomm.com>
[   11.320937] PPP generic driver version 2.4.2
[   11.324215] ehci_hcd: USB 2.0 'Enhanced' Host Controller (EHCI) Driver
[   11.328783] ehci-pci: EHCI PCI platform driver
[   11.332068] ehci-platform: EHCI generic platform driver
[   11.335769] ohci_hcd: USB 1.1 'Open' Host Controller (OHCI) Driver
[   11.340139] ohci-pci: OHCI PCI platform driver
[   11.343524] ohci-platform: OHCI generic platform driver
[   11.347322] uhci_hcd: USB Universal Host Controller Interface driver
[   11.351738] i8042: PNP: PS/2 Controller [PNP0303:PS2K,PNP0f03:PS2M] at 0x60,0x64 irq 1,12
[   11.358715] serio: i8042 KBD port at 0x60,0x64 irq 1
[   11.362666] serio: i8042 AUX port at 0x60,0x64 irq 12
[   11.366536] mousedev: PS/2 mouse device common for all mice
[   11.371089] input: AT Translated Set 2 keyboard as /devices/platform/i8042/serio0/input/input2
[   11.378028] rtc_cmos rtc_cmos: rtc core: registered rtc_cmos as rtc0
[   11.382561] rtc_cmos rtc_cmos: alarms up to one day, 114 bytes nvram
[   11.387231] i2c /dev entries driver
[   11.390219] device-mapper: uevent: version 1.0.3
[   11.393709] device-mapper: ioctl: 4.34.0-ioctl (2015-10-28) initialised: dm-devel@redhat.com
[   11.399910] platform eisa.0: Probing EISA bus 0
[   11.403247] platform eisa.0: EISA: Cannot allocate resource for mainboard
[   11.407782] platform eisa.0: Cannot allocate resource for EISA slot 1
[   11.415176] platform eisa.0: Cannot allocate resource for EISA slot 2
[   11.419565] platform eisa.0: Cannot allocate resource for EISA slot 3
[   11.423906] platform eisa.0: Cannot allocate resource for EISA slot 4
[   11.428417] platform eisa.0: Cannot allocate resource for EISA slot 5
[   11.432880] platform eisa.0: Cannot allocate resource for EISA slot 6
[   11.437365] platform eisa.0: Cannot allocate resource for EISA slot 7
[   11.441725] platform eisa.0: Cannot allocate resource for EISA slot 8
[   11.446090] platform eisa.0: EISA: Detected 0 cards
[   11.449649] cpufreq-nforce2: No nForce2 chipset.
[   11.477524] isapnp: No Plug & Play device found
[   11.496226] ledtrig-cpu: registered to indicate activity on CPUs
[   11.501180] NET: Registered protocol family 10
[   11.505274] NET: Registered protocol family 17
[   11.508782] Key type dns_resolver registered
[   11.512388] microcode: CPU0 sig=0x1067a, pf=0x40, revision=0x60b
[   11.516867] microcode: CPU1 sig=0x1067a, pf=0x40, revision=0x60b
[  11.521267] microcode: Microcode Update Driver: v2.01 <tigran@aivazian.fsnet.co.uk>, Peter Oruba
[   11.574437] Using IPI No-Shortcut mode
[   11.577626] registered taskstats version 1
[   11.580701] Loading compiled-in X.509 certificates
[   11.587905] Loaded X.509 cert 'Build time autogenerated kernel key: 868268ba02569f81e2a8947d39984262181c216f'
[   11.594867] zswap: loaded using pool lzo/zbud

[   11.613525] Key type trusted registered
[   11.662739] Key type encrypted registered
[   11.666013] AppArmor: AppArmor sha1 policy hashing enabled
[   11.669877] ima: No TPM chip found, activating TPM-bypass!
[   11.676497] evm: HMAC attrs: 0x1
[   11.693892]   Magic number: 6:938:827
[   11.703993] misc hw_random: hash matches
[   11.707716] rtc_cmos rtc_cmos: setting system clock to 2018-02-03 09:51:07 UTC (1517651467)
[   11.715046] BOSDDfacility v0.6 00Ju-2 0evces found
[  2.403118] EDD information not available.
[   12.551351] Freeing unused kernel memory: 944K
[   12.595257] Write protecting the kernel text: 7976k
[   12.656766] Write protecting the kernel read-only data: 3172k
[   12.720047] NX-protecting the kernel data: 6360k
Loading, please wait...
starting version[   13.079821] random: systemd-udevd: uninitialized urandom read (16 bytes read, 3 bits of entropy available)
 229
[   13.086652] random: udevadm: uninitialized urandom read (16 bytes read, 3 bits of entropy available)
[   13.160961] random: systemd-udevd: uninitialized urandom read (16 bytes read, 3 bits of entropy available)
[   13.173988] random: systemd-udevd: uninitialized urandom read (16 bytes read, 3 bits of entropy available)
[   13.402901] random: udevadm: uninitialized urandom read (16 bytes read, 3 bits of entropy available)
[   13.410110] random: udevadm: uninitialized urandom read (16 bytes read, 3 bits of entropy available)
[   13.418126] random: udevadm: uninitialized urandom read (16 bytes read, 3 bits of entropy available)
[   13.429509] random: udevadm: uninitialized urandom read (16 bytes read, 3 bits of entropy available)
[   13.437450] random: udevadm: uninitialized urandom read (16 bytes read, 3 bits of entropy available)
[   13.455195] random: udevadm: uninitialized urandom read (16 bytes read, 3 bits of entropy available)
[   14.158332] Fusion MPT base driver 3.04.20
[   14.256942] Copyright (c) 1999-2008 LSI Corporation
[   14.349440] e1000: Intel(R) PRO/1000 Network Driver - version 7.3.21-k8-NAPI
[   14.401385] e1000: Copyright (c) 1999-2006 Intel Corporation.
[   14.520758] Fusion MPT SPI Host driver 3.04.20
[   14.670919] input: ImExPS/2 Generic Explorer Mouse as /devices/platform/i8042/serio1/input/input4
[   15.115863] e1000 0000:00:03.0 eth0: (PCI:33MHz:32-bit) 02:57:70:43:80:c6
[   15.238519] e1000 0000:00:03.0 eth0: Intel(R) PRO/1000 Network Connection
[   16.014186] e1000 0000:00:08.0 eth1: (PCI:33MHz:32-bit) 08:00:27:76:4c:07
[   16.102852] e1000 0000:00:08.0 eth1: Intel(R) PRO/1000 Network Connection
[   16.198596] e1000 0000:00:03.0 enp0s3: renamed from eth0
[   16.253983] mptbase: ioc0: Initiating bringup
[   16.309841] e1000 0000:00:08.0 enp0s8: renamed from eth1
[   16.370004] ioc0: LSI53C1030 A0: Capabilities={Initiator}
[   16.933056] scsi host2: ioc0: LSI53C1030 A0, FwRev=00000000h, Ports=1, MaxQ=256, IRQ=20
[   17.350062] scsi 2:0:0:0: Direct-Access     VBOX     HARDDISK         1.0  PQ: 0 ANSI: 5
[   17.356207] scsi target2:0:0: Beginning Domain Validation
[   17.406849] scsi target2:0:0: Domain Validation skipping write tests
[   17.411440] scsi target2:0:0: Ending Domain Validation
[   17.415367] scsi target2:0:0: asynchronous
[   17.419574] scsi 2:0:1:0: Direct-Access     VBOX     HARDDISK         1.0  PQ: 0 ANSI: 5
[   17.426277] scsi target2:0:1: Beginning Domain Validation
[   17.433431] scsi target2:0:1: Domain Validation skipping write tests
[   17.437859] scsi target2:0:1: Ending Domain Validation
[   17.443526] scsi target2:0:1: asynchronous
[   17.457712] floppy0: no floppy controllers found
[   17.487177] sd 2:0:0:0: Attached scsi generic sg0 type 0
[   17.491502] sd 2:0:0:0: [sda] 20971520 512-byte logical blocks: (10.7 GB/10.0 GiB)
[   17.498848] sd 2:0:1:0: [sdb] 20480 512-byte logical blocks: (10.5 MB/10.0 MiB)
[   17.500631] sd 2:0:1:0: Attached scsi generic sg1 type 0
[   17.500714] sd 2:0:0:0: [sda] Write Protect is off
[   17.501102] sd 2:0:0:0: [sda] Incomplete mode parameter data
[   17.501103] sd 2:0:0:0: [sda] Assuming drive cache: write through
[   17.516894]  sda: sda1
[   17.518295] sd 2:0:0:0: [sda] Attached SCSI disk
[   17.708485] sd 2:0:1:0: [sdb] Write Protect is off
[   17.758557] sd 2:0:1:0: [sdb] Incomplete mode parameter data
[   17.923354] sd 2:0:1:0: [sdb] Assuming drive cache: write through
[   17.956126] sd 2:0:1:0: [sdb] Attached SCSI disk
Begin: Loading essential drivers ... [   21.126741] md: linear personality registered for level -1
[   21.233681] md: multipath personality registered for level -4
[   21.278966] md: raid0 personality registered for level 0
[   21.348178] md: raid1 personality registered for level 1
[   21.637570] raid6: mmxx1    gen()  2654 MB/s
[   21.705739] raid6: mmxx2    gen()  2963 MB/s
[   21.781663] raid6: sse1x1   gen()  1778 MB/s
[   21.858026] raid6: sse1x2   gen()  2510 MB/s
[   21.925352] raid6: sse2x1   gen()  3287 MB/s
[   21.994033] raid6: sse2x1   xor()  3719 MB/s
[   22.061622] raid6: sse2x2   gen()  3554 MB/s
[   22.141996] raid6: sse2x2   xor()  4742 MB/s
[   22.186358] raid6: using algorithm sse2x2 gen() 3554 MB/s
[   22.237841] raid6: .... xor() 4742 MB/s, rmw enabled
[   22.293485] raid6: using ssse3x1 recovery algorithm
[   22.350155] xor: measuring software checksum speed
[   22.421931]    pIII_sse  :  9353.000 MB/sec
[   22.493821]    prefetch64-sse: 10707.000 MB/sec
[   22.534577] xor: using function: prefetch64-sse (10707.000 MB/sec)
[   22.600021] async_tx: api initialized (async)
[   22.765558] md: raid6 personality registered for level 6
[   22.769798] md: raid5 personality registered for level 5
[   22.773739] md: raid4 personality registered for level 4
[   22.849581] md: raid10 personality registered for level 10
done.
Begin: Running /scripts/init-premount ... done.
Begin: Mounting root file system ... Begin: Running /scripts/local-top ... done.
Begin: Running /scripts/local-premount ... [   23.071259] Btrfs loaded
Scanning for Btrfs filesystems
done.
Warning: fsck no[   23.602740] EXT4-fs (sda1): INFO: recovery required on readonly filesystem
t present, so sk[   23.653256] EXT4-fs (sda1): write access will be enabled during recovery
ipping root file system
[   23.767837] random: nonblocking pool is initialized
[   24.149949] EXT4-fs (sda1): orphan cleanup on readonly fs
[   24.228075] EXT4-fs (sda1): 6 orphan inodes deleted
[   24.297197] EXT4-fs (sda1): recovery complete
[   24.310115] EXT4-fs (sda1): mounted filesystem with ordered data mode. Opts: (null)
done.
Begin: Running /scripts/local-bottom ... done.
Begin: Running /scripts/init-bottom ... done.
[   25.861379] systemd[1]: systemd 229 running in system mode. (+PAM +AUDIT +SELINUX +IMA +APPARMOR +SMACK +SYSVINIT +UTMP +LIBCRYPTSETUP +GCRYPT +GNUTLS +ACL +XZ -LZ4 +SECCOMP +BLKID +ELFUTILS +KMOD -IDN)
[   26.107965] systemd[1]: Detected virtualization oracle.
[   26.197544] systemd[1]: Detected architecture x86.

Welcome to [1mUbuntu 16.04.3 LTS[0m!

[   26.298033] systemd[1]: Set hostname to <ubuntu-xenial>.
[   27.536560] systemd[1]: Listening on Journal Audit Socket.
[[0;32m  OK  [0m] Listening on Journal Audit Socket.
[   27.579229] systemd[1]: Listening on udev Kernel Socket.
[[0;32m  OK  [0m] Listening on udev Kernel Socket.
[   27.586716] systemd[1]: Listening on /dev/initctl Compatibility Named Pipe.
[[0;32m  OK  [0m] Listening on /dev/initctl Compatibility Named Pipe.
[   27.613674] systemd[1]: Set up automount Arbitrary Executable File Formats File System Automount Point.
[[0;32m  OK  [0m] Set up automount Arbitrary Executab...ats File System Automount Point.
[   27.646963] systemd[1]: Listening on Syslog Socket.
[[0;32m  OK  [0m] Listening on Syslog Socket.
[   27.680685] systemd[1]: Listening on LVM2 poll daemon socket.
[[0;32m  OK  [0m] Listening on LVM2 poll daemon socket.
[   27.688833] systemd[1]: Listening on Journal Socket.
[[0;32m  OK  [0m] Listening on Journal Socket.
[   27.702145] systemd[1]: Created slice User and Session Slice.
[[0;32m  OK  [0m] Created slice User and Session Slice.
[   27.710834] systemd[1]: Created slice System Slice.
[[0;32m  OK  [0m] Created slice System Slice.
[   27.732769] systemd[1]: Starting Remount Root and Kernel File Systems...
         Starting Remount Root and Kernel File Systems...
[   27.771296] systemd[1]: Reached target Slices.
[[0;32m  OK  [0m] Reached target Slices.
[   27.855197] systemd[1]: Starting Set console keymap...
         Starting Set console keymap...
[   27.975984] systemd[1]: Starting Create list of required static device nodes for the current kernel...
         Starting Create list of required st... nodes for the current kernel...
[   28.054435] systemd[1]: Reached target Encrypted Volumes.
[[0;32m  OK  [0m] Reached target Encrypted Volumes.
[   28.131540] systemd[1]: Created slice system-serial\x2dgetty.slice.
[[0;32m  OK  [0m] Created slice system-serial\x2dgetty.slice.
[   28.155103] systemd[1]: Started Trigger resolvconf update for networkd DNS.
[   28.236725] EXT4-fs (sda1): re-mounted. Opts: (null)
[[0;32m  OK  [0m] Started Trigger resolvconf update for networkd DNS.
[   28.502891] systemd[1]: Starting Load Kernel Modules...
         Starting Load Kernel Modules...
[   28.583012] systemd[1]: Listening on LVM2 metadata daemon socket.
[[0;32m  OK  [0m] Listening on LVM2 metadata daemon socket.
[   28.592905] systemd[1]: Listening on Device-mapper event daemon FIFOs.
[[0;32m  OK  [0m] Listening on Device-mapper event daemon FIFOs.
[   28.68898] systemd[1]: Starting Monitoring of LVM2 mirrors, snapshots etc. using dmeventd or progress polling...
         Starting Monitoring of LVM2 mirrors... dmeventd or progress polling...
[   28.952186] Loading iSCSI transport class v2.0-870.
[   29.090487] systemd[1]: Mounting Debug File System...
         Mounting Debug File System...
[   29.162385] iscsi: registered transport (tcp)
[   29.274125] systemd[1]: Listening on udev Control Socket.
[[0;32m  OK  [0m] Listening on udev Control Socket.
[   29.418650] systemd[1]: Mounting Huge Pages File System...
         Mounting Huge Pages File System...
[   29.552219] iscsi: registered transport (iser)
[   29.612158] systemd[1]: Mounting POSIX Message Queue File System...
         Mounting POSIX Message Queue File System...
[  29.815191] systemd[1]: Started Forward Password Requests to Wall Directory Watch.
[[0;32m  OK  [0m] Started Forward Password Requests to Wall Directory Watch.
[   29.883017] systemd[1]: Reached target Swap.
[[0;32m  OK  [0m] Reached target Swap.
[   29.889880] systemd[1]: Listening on Journal Socket (/dev/log).
[[0;32m  OK  [0m] Listening on Journal Socket (/dev/log).
[   29.928433] systemd[1]: Starting Journal Service...
         Starting Journal Service...
[   30.015794] systemd[1]: Reached target User and Group Name Lookups.
[[0;32m  OK  [0m] Reached target User and Group Name Lookups.
[   30.053896] systemd[1]: Starting Uncomplicated firewall...
         Starting Uncomplicated firewall...
[   30.096983] systemd[1]: Starting Nameserver information manager...
         Starting Nameserver information manager...
[   30.177665] systemd[1]: Mounted Debug File System.
[[0;32m  OK  [0m] Mounted Debug File System.
[   30.193261] systemd[1]: Mounted POSIX Message Queue File System.
[[0;32m  OK  [0m] Mounted POSIX Message Queue File System.
[   30.202009] systemd[1]: Mounted Huge Pages File System.
[[0;32m  OK  [0m] Mounted Huge Pages File System.
[   30.210926] systemd[1]: Started Remount Root and Kernel File Systems.
[[0;32m  OK  [0m] Started Remount Root and Kernel File Systems.
[   30.247429] systemd[1]: Started Set console keymap.
[[0;32m  OK  [0m] Started Set console keymap.
[   30.256719] systemd[1]: Started Create list of required static device nodes for the current kernel.
[[0;32m  OK  [0m] Started Create list of required sta...ce nodes for the current kernel.
[   30.474813] systemd[1]: Started Load Kernel Modules.
[[0;32m  OK  [0m] Started Load Kernel Modules.
[   30.576378] systemd[1]: Started Uncomplicated firewall.
[[0;32m  OK  [0m] Started Uncomplicated firewall.
[   30.654484] systemd[1]: Started Journal Service.
[[0;32m  OK  [0m] Started Journal Service.
[[0;32m  OK  [0m] Started Nameserver information manager.
[[0;32m  OK  [0m] Started LVM2 metadata daemon.
         Starting Apply Kernel Variables...
         Mounting FUSE Control File System...
         Starting Create Static Device Nodes in /dev...
         Starting Initial cloud-init job (pre-networking)...
         Starting Load/Save Random Seed...
         Starting Flush Journal to Persistent Storage...
         Starting udev Coldplug all Devices...
[[0;32m  OK  [0m] Mounted FUSE Control File System.
[[0;32m  OK  [0m] Started Apply Kernel Variables.
[[0;32m  OK  [0m] Started Load/Save Random Seed.
[[0;32m  OK  [0m] Started Monitoring of LVM2 mirrors,...ng dmeventd or progress polling.
[[0;32m  OK  [0m] Started Create Static Device Nodes in /dev.
         Starting udev Kernel Device Manager...
[[0;32m  OK  [0m] Started Flush Journal to Persistent Storage.
[[0;32m  OK  [0m] Started udev Coldplug all Devices.
[[0;32m  OK  [0m] Started udev Kernel Device Manager.
[[0;32m  OK  [0m] Reached target Local File Systems (Pre).
[[0;32m  OK  [0m] Reached target Local File Systems.
         Starting Set console font and keymap...
         Starting LSB: AppArmor initialization...
         Starting Create Volatile Files and Directories...
         Starting Tell Plymouth To Write Out Runtime Data...
[[0;32m  OK  [0m] Started Dispatch Password Requests to Console Directory Watch.
[[0;32m  OK  [0m] Started Create Volatile Files and Directories.
[[0;32m  OK  [0m] Started Tell Plymouth To Write Out Runtime Data.
[[0;32m  OK  [0m] Found device /dev/ttyS0.
         Starting Update UTMP about System Boot/Shutdown...
[[0;32m  OK  [0m] Reached target System Time Synchronized.
[[0;32m  OK  [0m] Started Update UTMP about System Boot/Shutdown.
[[0;32m  OK  [0m] Found device 82540EM Gigabit Ethern...r (PRO/1000 MT Desktop Adapter).
[[0;32m  OK  [0m] Found device 82540EM Gigabit Ethern...r (PRO/1000 MT Desktop Adapter).
[[0;32m  OK  [0m] Listening on Load/Save RF Kill Switch Status /dev/rfkill Watch.
[[0;32m  OK  [0m] Started Set console font and keymap.
[[0;32m  OK  [0m] Started LSB: AppArmor initialization.
[[0;32m  OK  [0m] Created slice system-getty.slice.
[   36.789358] cloud-init[442]: Cloud-init v. 17.1 running 'init-local' at Sat, 03 Feb 2018 09:51:35 +0000. Up 35.25 seconds.
[[0;32m  OK  [0m] Started Initial cloud-init job (pre-networking).
[[0;32m  OK  [0m] Reached target Network (Pre).
[[0;32m  OK  [0m] Started ifup for enp0s8.
         Starting Raise network interfaces...
[[0;32m  OK  [0m] Started ifup for enp0s3.
[[0;32m  OK  [0m] Started Raise network interfaces.
         Starting Initial cloud-init job (metadata service crawler)...
[[0;32m  OK  [0m] Reached target Network.
[   44.117434] cloud-init[1055]: Cloud-init v. 17.1 running 'init' at Sat, 03 Feb 2018 09:51:41 +0000. Up 41.07 seconds.
[   44.195019] cloud-init[1055]: ci-info: ++++++++++++++++++++++++++++++++++++++Net device info++++++++++++++++++++++++++++++++++++++
[   44.263401] cloud-init[1055]: ci-info: +--------+------+-----------------------------+---------------+-------+-------------------+
[   44.274587] cloud-init[1055]: ci-info: | Device |  Up  |           Address           |      Mask     | Scope |     Hw-Address    |
[   44.357905] cloud-init[1055]: ci-info: +--------+------+-----------------------------+---------------+-------+-------------------+
[   44.386916] cloud-init[1055]: ci-info: | enp0s3 | True |          10.0.2.15          | 255.255.255.0 |   .   | 02:57:70:43:80:c6 |
[   44.423234] cloud-init[1055]: ci-info: | enp0s3 | True |  fe80::57:70ff:fe43:80c6/64 |       .       |  link | 02:57:70:43:80:c6 |
[   44.424092] cloud-init[[0;32m  OK  [0m] Started Initial cloud-init job (metadata service crawler).
[1055]: ci-info: | enp0s8 | True |         10.11.215.63        | 255.255.255.0 |   .   | 08:00:27:76:4c:07 |
[   44.479084] cloud-init[1055]: ci-info: | enp0s8 | True | fe80::a00:27ff:fe76:4c07/64 |       .       |  link | 08:00:27:76:4c:07 |
[   44.512933] cloud-init[1055]: ci-info: |   lo   | True |          127.0.0.1          |   255.0.0.0   |   .   |         .         |
[   44.520059] cloud-init[1055]: ci-info: |   lo   | True |           ::1/128           |       .       |  host |         .         |
[   44.536415] cloud-init[1055]: ci-info: +--------+------+-----------------------------+---------------+-------+-------------------+
[   44.537304] cloud-init[1055]: ci-info: +++++++++++++++++++++++++++Route IPv4 info++++++++++++++++++++++++++++
[[0;32m  OK  [0m] Reached target Network is Online.
[   44.537389] cloud-init[1055]: ci-info: +-------+-------------+----------+---------------+-----------+-------+
[   44.702966] cloud-init[1055]: ci-info: | Route | Destination | Gateway  |    Genmask    | Interface | Flags |
         Starting iSCSI initiator daemon (iscsid)...
[   44.833134] cloud-init[1055]: ci-info: +-------+-------------+----------+---------------+-----------+-------+
[[0;32m  OK  [0m] Reached target Cloud-config availability.
[[0;32m  OK  [0m] Reached target System Initialization.
[   44.843659] cloud-init[1055]: ci-info: |   0   |   0.0.0.0   | 10.0.2.2 |    0.0.0.0    |   enp0s3  |   UG  |
[   45.430371] cloud-init[1055]: ci-info: |   1   |   10.0.2.0  | 0.0.0.0  | 255.255.255.0 |   enp0s3  |   U   |
[[0;32m  OK  [0m] Listening on ACPID Listen Socket.
[   45.438508] cloud-init[1055]: ci-info: |   2   | 10.11.215.0 | 0.0.0.0  | 255.255.255.0 |   enp0s8  |   U   |
[   45.602120] cloud-init[1055]: ci-info: +-------+-------------+----------+---------------+-----------+-------+
[[0;32m  OK  [0m] Started Timer to automatically refresh installed snaps.
[[0;32m  OK  [0m] Listening on D-Bus System Message Bus Socket.
[[0;32m  OK  [0m] Started ACPI Events Check.
[[0;32m  OK  [0m] Reached target Paths.
[[0;32m  OK  [0m] Started Daily Cleanup of Temporary Directories.
[[0;32m  OK  [0m] Listening on UUID daemon activation socket.
         Starting Socket activation for snappy daemon.
[[0;32m  OK  [0m] Started Daily apt download activities.
[[0;32m  OK  [0m] Started Daily apt upgrade and clean activities.
[[0;32m  OK  [0m] Reached target Timers.
         Starting LXD - unix socket.
[[0;32m  OK  [0m] Listening on Socket activation for snappy daemon.
[[0;32m  OK  [0m] Listening on LXD - unix socket.
[[0;32m  OK  [0m] Started iSCSI initiator daemon (iscsid).
         Starting Login to default iSCSI targets...
[[0;32m  OK  [0m] Reached target Sockets.
[[0;32m  OK  [0m] Reached target Basic System.
[[0;32m  OK  [0m] Started ACPI event daemon.
         Starting The PHP 7.0 FastCGI Process Manager...
         Starting MySQL Community Server...
         Starting Apply the settings specified in cloud-config...
         Starting LXD - container startup/shutdown...
         Starting Login Service...
[[0;32m  OK  [0m] Started Regular background program processing daemon.
[[0;32m  OK  [0m] Started Unattended Upgrades Shutdown.
         Starting Accounts Service...
[[0;32m  OK  [0m] Started FUSE filesystem for LXC.
[[0;32m  OK  [0m] Started D-Bus System Message Bus.
[[0;32m  OK  [0m] Started Deferred execution scheduler.
         Starting LSB: Record successful boot for GRUB...
         Starting System Logging Service...
         Starting Snappy daemon...
         Starting A high performance web server and a reverse proxy server...
[   49.458032] cloud-init[1132]: Cloud-init v. 17.1 running 'modules:config' at Sat, 03 Feb 2018 09:51:48 +0000. Up 48.18 seconds.
         Starting OpenBSD Secure Shell server...
         Starting LSB: MD monitoring daemon...
         Starting /etc/rc.local Compatibility...
[[0;32m  OK  [0m] Started Apply the settings specified in cloud-config.
[[0;32m  OK  [0m] Started /etc/rc.local Compatibility.
[[0;32m  OK  [0m] Started System Logging Service.
[[0;32m  OK  [0m] Started LXD - container startup/shutdown.
[[0;32m  OK  [0m] Started Login Service.
         Starting Authenticate and Authorize Users to Run Privileged Tasks...
[[0;32m  OK  [0m] Started Login to default iSCSI targets.
[[0;32m  OK  [0m] Started LSB: Record successful boot for GRUB.
[[0;32m  OK  [0m] Reached target Remote File Systems (Pre).
[[0;32m  OK  [0m] Reached target Remote File Systems.
         Starting Permit User Sessions...
         Starting LSB: daemon to balance interrupts for SMP systems...
         Starting LSB: VirtualBox Linux Additions...
         Starting LSB: Set the CPU Frequency Scaling governor to "ondemand"...
         Starting LSB: automatic crash report generation...
[[0;32m  OK  [0m] Started OpenBSD Secure Shell server.
[[0;32m  OK  [0m] Started LSB: MD monitoring daemon.
[[0;32m  OK  [0m] Started Permit User Sessions.
[[0;32m  OK  [0m] Started Authenticate and Authorize Users to Run Privileged Tasks.
[[0;32m  OK  [0m] Started Accounts Service.
         Starting Hold until boot process finishes up...
         Starting Terminate Plymouth Boot Screen...
[[0;32m  OK  [0m] Started LSB: daemon to balance interrupts for SMP systems.
[[0;32m  OK  [0m] Started LSB: Set the CPU Frequency Scaling governor to "ondemand".
[[0;32m  OK  [0m] Started Hold until boot process finishes up.
[[0;32m  OK  [0m] Started Terminate Plymouth Boot Screen.
[[0;32m  OK  [0m] Started Serial Getty on ttyS0.
         Starting Set console scheme...
[[0;32m  OK  [0m] Started Getty on tty1.
[[0;32m  OK  [0m] Reached target Login Prompts.
[[0;32m  OK  [0m] Started LSB: automatic crash report generation.
[[0;32m  OK  [0m] Started Set console scheme.
[[0;32m  OK  [0m] Started A high performance web server and a reverse proxy server.
[[0;32m  OK  [0m] Started LSB: VirtualBox Linux Additions.
[[0;32m  OK  [0m] Started Snappy daemon.
[[0;32m  OK  [0m] Created slice User Slice of ubuntu.
         Starting User Manager for UID 1000...
[[0;32m  OK  [0m] Started Session 1 of user ubuntu.
[[0;32m  OK  [0m] Started User Manager for UID 1000.

Ubuntu 16.04.3 LTS ubuntu-xenial ttyS0

ubuntu-xenial login: [   62.351545] cloud-init[1464]: Cloud-init v. 17.1 running 'modules:final' at Sat, 03 Feb 2018 09:52:02 +0000. Up 61.87 seconds.
[   62.353043] cloud-init[1464]: Cloud-init v. 17.1 finished at Sat, 03 Feb 2018 09:52:02 +0000. Datasource DataSourceNoCloud [seed=/dev/sdb][dsmode=net].  Up 62.33 seconds
[[0;32m  OK  [0m] Stopped target Cloud-init target.
[[0;32m  OK  [0m] Stopped target Graphical Interface.
[[0;32m  OK  [0m] Stopped target Timers.
         Stopping User Manager for UID 1000...
[[0;32m  OK  [0m] Stopped Timer to automatically refresh installed snaps.
         Stopping Accounts Service...
[[0;32m  OK  [0m] Stopped Daily Cleanup of Temporary Directories.
         Stopping Authenticate and Authorize Users to Run Privileged Tasks...
         Stopping ACPI event daemon...
[[0;32m  OK  [0m] Stopped Daily apt upgrade and clean activities.
[[0;32m  OK  [0m] Stopped Daily apt download activities.
[[0;32m  OK  [0m] Stopped target System Time Synchronized.
[[0;32m  OK  [0m] Closed Load/Save RF Kill Switch Status /dev/rfkill Watch.
[[0;32m  OK  [0m] Stopped Execute cloud user/final scripts.
         Stopping Session 8 of user ubuntu.
[[0;32m  OK  [0m] Stopped Apply the settings specified in cloud-config.
[[0;32m  OK  [0m] Stopped target Cloud-config availability.
[[0;32m  OK  [0m] Stopped target Multi-User System.
[[0;32m  OK  [0m] Stopped target Login Prompts.
         Stopping Getty on tty1...
         Stopping LSB: daemon to balance interrupts for SMP systems...
         Stopping LSB: MD monitoring daemon...
         Stopping The PHP 7.0 FastCGI Process Manager...
         Stopping LSB: VirtualBox Linux Additions...
         Stopping OpenBSD Secure Shell server...
         Stopping D-Bus System Message Bus...
         Stopping A high performance web server and a reverse proxy server...
         Stopping LSB: Set the CPU Frequency Scaling governor to "ondemand"...
         Stopping System Logging Service...
         Stopping Regular background program processing daemon...
         Stopping Unattended Upgrades Shutdown...
         Stopping Snappy daemon...
         Stopping LSB: automatic crash report generation...
         Stopping Deferred execution scheduler...
         Stopping FUSE filesystem for LXC...
         Stopping LSB: Record successful boot for GRUB...
         Stopping MySQL Community Server...
         Stopping LXD - container startup/shutdown...
         Stopping Serial Getty on ttyS0...
[[0;32m  OK  [0m] Unmounted /var/lib/lxcfs.
[[0;32m  OK  [0m] Stopped ACPI event daemon.
[[0;32m  OK  [0m] Stopped Regular background program processing daemon.
[[0;32m  OK  [0m] Stopped Accounts Service.
[[0;32m  OK  [0m] Stopped Deferred execution scheduler.
[[0;32m  OK  [0m] Stopped System Logging Service.
[[0;32m  OK  [0m] Stopped Snappy daemon.
[[0;32m  OK  [0m] Stopped OpenBSD Secure Shell server.
[[0;32m  OK  [0m] Stopped Authenticate and Authorize Users to Run Privileged Tasks.
[[0;32m  OK  [0m] Stopped Serial Getty on ttyS0.
[[0;32m  OK  [0m] Stopped Getty on tty1.
[[0;32m  OK  [0m] Stopped The PHP 7.0 FastCGI Process Manager.
[[0;32m  OK  [0m] Stopped User Manager for UID 1000.
[[0;32m  OK  [0m] Stopped Session 8 of user ubuntu.
[[0;32m  OK  [0m] Stopped D-Bus System Message Bus.
[[0;32m  OK  [0m] Stopped A high performance web server and a reverse proxy server.
[[0;32m  OK  [0m] Stopped FUSE filesystem for LXC.
[[0;32m  OK  [0m] Stopped LSB: MD monitoring daemon.
[[0;32m  OK  [0m] Stopped LXD - container startup/shutdown.
[[0;32m  OK  [0m] Removed slice User Slice of ubuntu.
         Stopping Login Service...
[[0;32m  OK  [0m] Removed slice system-getty.slice.
         Stopping Permit User Sessions...
[[0;32m  OK  [0m] Removed slice system-serial\x2dgetty.slice.
[[0;32m  OK  [0m] Stopped /etc/rc.local Compatibility.
[[0;32m  OK  [0m] Stopped LSB: Set the CPU Frequency Scaling governor to "ondemand".
[[0;32m  OK  [0m] Stopped Login Service.
[[0;32m  OK  [0m] Stopped LSB: daemon to balance interrupts for SMP systems.
[[0;32m  OK  [0m] Stopped LSB: Record successful boot for GRUB.
[[0;32m  OK  [0m] Stopped LSB: VirtualBox Linux Additions.
[[0;32m  OK  [0m] Stopped Unattended Upgrades Shutdown.
[[0;32m  OK  [0m] Stopped LSB: automatic crash report generation.
[[0;32m  OK  [0m] Stopped Permit User Sessions.
[[0;32m  OK  [0m] Stopped target User and Group Name Lookups.
[[0;32m  OK  [0m] Stopped target Remote File Systems.
[[0;32m  OK  [0m] Stopped target Remote File Systems (Pre).
         Stopping Login to default iSCSI targets...
[[0;32m  OK  [0m] Stopped MySQL Community Server.
[[0;32m  OK  [0m] Stopped target Basic System.
[[0;32m  OK  [0m] Stopped target Slices.
[[0;32m  OK  [0m] Removed slice User and Session Slice.
[[0;32m  OK  [0m] Stopped target Paths.
[[0;32m  OK  [0m] Stopped Dispatch Password Requests to Console Directory Watch.
[[0;32m  OK  [0m] Stopped Forward Password Requests to Wall Directory Watch.
[[0;32m  OK  [0m] Stopped ACPI Events Check.
[[0;32m  OK  [0m] Stopped target Sockets.
[[0;32m  OK  [0m] Closed ACPID Listen Socket.
[[0;32m  OK  [0m] Closed Socket activation for snappy daemon.
[[0;32m  OK  [0m] Closed LXD - unix socket.
[[0;32m  OK  [0m] Closed UUID daemon activation socket.
[[0;32m  OK  [0m] Closed Syslog Socket.
[[0;32m  OK  [0m] Closed D-Bus System Message Bus Socket.
[[0;32m  OK  [0m] Stopped target System Initialization.
[[0;32m  OK  [0m] Stopped Create Volatile Files and Directories.
[[0;32m  OK  [0m] Stopped target Swap.
[[0;32m  OK  [0m] Stopped target Encrypted Volumes.
         Stopping Load/Save Random Seed...
[[0;32m  OK  [0m] Stopped Load/Save Random Seed.
[[0;32m  OK  [0m] Stopped Login to default iSCSI targets.
         Stopping iSCSI initiator daemon (iscsid)...
[[0;32m  OK  [0m] Stopped iSCSI initiator daemon (iscsid).
[[0;32m  OK  [0m] Stopped target Network is Online.
[[0;32m  OK  [0m] Stopped target Network.
[[0;32m  OK  [0m] Stopped Initial cloud-init job (metadata service crawler).
         Stopping Raise network interfaces...
[[0;32m  OK  [0m] Stopped Raise network interfaces.
[[0;32m  OK  [0m] Stopped target Local File Systems.
         Unmounting /run/user/1000...
         Unmounting /vagrant...
[[0;32m  OK  [0m] Stopped target Network (Pre).
[[0;32m  OK  [0m] Stopped Initial cloud-init job (pre-networking).
[[0;32m  OK  [0m] Stopped Apply Kernel Variables.
[[0;32m  OK  [0m] Stopped Load Kernel Modules.
[[0;32m  OK  [0m] Unmounted /run/user/1000.
[[0;32m  OK  [0m] Unmounted /vagrant.
[[0;32m  OK  [0m] Reached target Unmount All Filesystems.
[[0;32m  OK  [0m] Stopped target Local File Systems (Pre).
[[0;32m  OK  [0m] Stopped Remount Root and Kernel File Systems.
         Stopping Monitoring of LVM2 mirrors... dmeventd or progress polling...
[[0;32m  OK  [0m] Stopped Create Static Device Nodes in /dev.
[[0;32m  OK  [0m] Reached target Shutdown.
[ 82.89387] reboot: Power down
